<?xml version="1.0" encoding="UTF-8"?>
<!-- Generated by org.testng.reporters.JUnitReportReporter -->
<testsuite hostname="Ruiz_Toledo" failures="0" tests="2" name="raulruiz.tests.SubmitOrderTest" time="34.092" errors="0" timestamp="2025-10-14T12:37:36 CST" skipped="0">
  <testcase classname="raulruiz.tests.SubmitOrderTest" name="submitOrder" time="18.770"/>
  <testcase classname="raulruiz.tests.SubmitOrderTest" name="submitOrder" time="15.322"/>
</testsuite> <!-- raulruiz.tests.SubmitOrderTest -->
