<?xml version="1.0" encoding="UTF-8"?>
<!-- Generated by org.testng.reporters.JUnitReportReporter -->
<testsuite hostname="Ruiz_Toledo" failures="0" tests="3" name="raulruiz.tests.SubmitOrderTest" time="44.125" errors="0" timestamp="2025-10-05T17:25:15 CST" skipped="0">
  <testcase classname="raulruiz.tests.SubmitOrderTest" name="submitOrder" time="12.212"/>
  <testcase classname="raulruiz.tests.SubmitOrderTest" name="submitOrder" time="24.797"/>
  <testcase classname="raulruiz.tests.SubmitOrderTest" name="OrderHistoryTest" time="7.116"/>
</testsuite> <!-- raulruiz.tests.SubmitOrderTest -->
