<?xml version="1.0" encoding="UTF-8"?>
<!-- Generated by org.testng.reporters.JUnitReportReporter -->
<testsuite hostname="Ruiz_Toledo" failures="0" tests="1" name="cucumber.TestNGTestRunner" time="8.706" errors="0" timestamp="2025-10-05T20:51:21 CST" skipped="0">
  <testcase classname="cucumber.TestNGTestRunner" name="runScenario" time="8.706"/>
</testsuite> <!-- cucumber.TestNGTestRunner -->
